<?xml version="1.0" encoding="UTF-8"?>
<!-- Generated by org.testng.reporters.JUnitXMLReporter -->
<testsuite hostname="DESKTOP-C4O7IPQ" ignored="0" name="Default test" tests="4" failures="0" timestamp="2023-01-05T17:57:00 IST" time="22.652" errors="0">
  <testcase name="verifyTitleTest" time="2.029" classname="TestCases.LoginPageTest"/>
  <testcase name="loginToAppTest" time="2.543" classname="TestCases.LoginPageTest"/>
  <testcase name="verifyCurrentUrlTest" time="2.023" classname="TestCases.LoginPageTest"/>
  <testcase name="verifyLableOfInventoryTest" time="4.547" classname="TestCases.LoginPageTest"/>
</testsuite> <!-- Default test -->
