<?xml version="1.0" encoding="UTF-8"?>
<!-- Generated by org.testng.reporters.JUnitXMLReporter -->
<testsuite hostname="DESKTOP-C4O7IPQ" ignored="3" name="Test" tests="2" failures="0" timestamp="2023-01-09T17:30:11 IST" time="15.861" errors="0">
  <testcase name="verifyTitleTest1" time="2.028" classname="TestCases.GroupTest"/>
  <testcase name="verifyTitleTest3" time="2.016" classname="TestCases.GroupTest"/>
  <testcase name="verifyTitleTest4" time="0.0" classname="TestCases.GroupTest">
    <ignored/>
  </testcase> <!-- verifyTitleTest4 -->
  <testcase name="verifyTitleTest5" time="0.0" classname="TestCases.GroupTest">
    <ignored/>
  </testcase> <!-- verifyTitleTest5 -->
  <testcase name="verifyTitleTest2" time="0.0" classname="TestCases.GroupTest">
    <ignored/>
  </testcase> <!-- verifyTitleTest2 -->
</testsuite> <!-- Test -->
